<?xml version="1.0" encoding="UTF-8"?>
<testsuite xmlns:xsi="http://www.w3.org/2001/XMLSchema-instance" xsi:noNamespaceSchemaLocation="https://maven.apache.org/surefire/maven-surefire-plugin/xsd/surefire-test-report.xsd" name="TestSuite" time="2.09" tests="2" errors="0" skipped="0" failures="0">
  <properties>
    <property name="user.variant" value=""/>
    <property name="java.vm.info" value="mixed mode"/>
    <property name="file.encoding.pkg" value="sun.io"/>
    <property name="file.encoding" value="Cp1252"/>
    <property name="java.specification.name" value="Java Platform API Specification"/>
    <property name="sun.os.patch.level" value="Service Pack 1"/>
    <property name="user.dir" value="D:\Arpita\RestAssuredFramework"/>
    <property name="line.separator" value="&#10;"/>
    <property name="java.home" value="C:\Program Files\Java\jdk1.7.0_79\jre"/>
    <property name="user.name" value="bvikash"/>
    <property name="sun.boot.library.path" value="C:\Program Files\Java\jdk1.7.0_79\jre\bin"/>
    <property name="user.home" value="C:\Users\bvikash.ORADEV"/>
    <property name="localRepository" value="C:\Users\bvikash.ORADEV\.m2\repository"/>
    <property name="sun.java.launcher" value="SUN_STANDARD"/>
    <property name="java.class.version" value="51.0"/>
    <property name="user.language" value="en"/>
    <property name="java.vendor.url.bug" value="http://bugreport.sun.com/bugreport/"/>
    <property name="sun.jnu.encoding" value="Cp1252"/>
    <property name="java.io.tmpdir" value="C:\Users\BVIKAS~1.ORA\AppData\Local\Temp\"/>
    <property name="java.specification.vendor" value="Oracle Corporation"/>
    <property name="file.separator" value="\"/>
    <property name="java.class.path" value="D:\Arpita\RestAssuredFramework\target\test-classes;D:\Arpita\RestAssuredFramework\target\classes;C:\Users\bvikash.ORADEV\.m2\repository\io\rest-assured\rest-assured\3.0.4\rest-assured-3.0.4.jar;C:\Users\bvikash.ORADEV\.m2\repository\org\codehaus\groovy\groovy\2.4.9\groovy-2.4.9.jar;C:\Users\bvikash.ORADEV\.m2\repository\org\codehaus\groovy\groovy-xml\2.4.9\groovy-xml-2.4.9.jar;C:\Users\bvikash.ORADEV\.m2\repository\org\apache\httpcomponents\httpclient\4.5.3\httpclient-4.5.3.jar;C:\Users\bvikash.ORADEV\.m2\repository\org\apache\httpcomponents\httpcore\4.4.6\httpcore-4.4.6.jar;C:\Users\bvikash.ORADEV\.m2\repository\commons-logging\commons-logging\1.2\commons-logging-1.2.jar;C:\Users\bvikash.ORADEV\.m2\repository\commons-codec\commons-codec\1.9\commons-codec-1.9.jar;C:\Users\bvikash.ORADEV\.m2\repository\org\apache\httpcomponents\httpmime\4.5.1\httpmime-4.5.1.jar;C:\Users\bvikash.ORADEV\.m2\repository\org\hamcrest\hamcrest-core\1.3\hamcrest-core-1.3.jar;C:\Users\bvikash.ORADEV\.m2\repository\org\hamcrest\hamcrest-library\1.3\hamcrest-library-1.3.jar;C:\Users\bvikash.ORADEV\.m2\repository\org\ccil\cowan\tagsoup\tagsoup\1.2.1\tagsoup-1.2.1.jar;C:\Users\bvikash.ORADEV\.m2\repository\io\rest-assured\json-path\3.0.4\json-path-3.0.4.jar;C:\Users\bvikash.ORADEV\.m2\repository\org\codehaus\groovy\groovy-json\2.4.9\groovy-json-2.4.9.jar;C:\Users\bvikash.ORADEV\.m2\repository\io\rest-assured\rest-assured-common\3.0.4\rest-assured-common-3.0.4.jar;C:\Users\bvikash.ORADEV\.m2\repository\io\rest-assured\xml-path\3.0.4\xml-path-3.0.4.jar;C:\Users\bvikash.ORADEV\.m2\repository\org\apache\commons\commons-lang3\3.4\commons-lang3-3.4.jar;C:\Users\bvikash.ORADEV\.m2\repository\org\testng\testng\6.3.1\testng-6.3.1.jar;C:\Users\bvikash.ORADEV\.m2\repository\junit\junit\3.8.1\junit-3.8.1.jar;C:\Users\bvikash.ORADEV\.m2\repository\org\beanshell\bsh\2.0b4\bsh-2.0b4.jar;C:\Users\bvikash.ORADEV\.m2\repository\com\beust\jcommander\1.12\jcommander-1.12.jar;C:\Users\bvikash.ORADEV\.m2\repository\org\yaml\snakeyaml\1.6\snakeyaml-1.6.jar;C:\Users\bvikash.ORADEV\.m2\repository\org\apache\maven\surefire\surefire-testng-utils\2.20.1\surefire-testng-utils-2.20.1.jar;C:\Users\bvikash.ORADEV\.m2\repository\org\apache\maven\surefire\surefire-grouper\2.20.1\surefire-grouper-2.20.1.jar;"/>
    <property name="java.vm.vendor" value="Oracle Corporation"/>
    <property name="sun.cpu.endian" value="little"/>
    <property name="java.vm.specification.vendor" value="Oracle Corporation"/>
    <property name="java.specification.version" value="1.7"/>
    <property name="user.script" value=""/>
    <property name="awt.toolkit" value="sun.awt.windows.WToolkit"/>
    <property name="sun.java.command" value="C:\Users\BVIKAS~1.ORA\AppData\Local\Temp\surefire7873548606182805108\surefirebooter3056943309877669727.jar C:\Users\bvikash.ORADEV\AppData\Local\Temp\surefire7873548606182805108 2018-01-12T13-10-19_155-jvmRun1 surefire2096008270359623867tmp surefire_08280032669257741136tmp"/>
    <property name="user.timezone" value=""/>
    <property name="surefire.test.class.path" value="D:\Arpita\RestAssuredFramework\target\test-classes;D:\Arpita\RestAssuredFramework\target\classes;C:\Users\bvikash.ORADEV\.m2\repository\io\rest-assured\rest-assured\3.0.4\rest-assured-3.0.4.jar;C:\Users\bvikash.ORADEV\.m2\repository\org\codehaus\groovy\groovy\2.4.9\groovy-2.4.9.jar;C:\Users\bvikash.ORADEV\.m2\repository\org\codehaus\groovy\groovy-xml\2.4.9\groovy-xml-2.4.9.jar;C:\Users\bvikash.ORADEV\.m2\repository\org\apache\httpcomponents\httpclient\4.5.3\httpclient-4.5.3.jar;C:\Users\bvikash.ORADEV\.m2\repository\org\apache\httpcomponents\httpcore\4.4.6\httpcore-4.4.6.jar;C:\Users\bvikash.ORADEV\.m2\repository\commons-logging\commons-logging\1.2\commons-logging-1.2.jar;C:\Users\bvikash.ORADEV\.m2\repository\commons-codec\commons-codec\1.9\commons-codec-1.9.jar;C:\Users\bvikash.ORADEV\.m2\repository\org\apache\httpcomponents\httpmime\4.5.1\httpmime-4.5.1.jar;C:\Users\bvikash.ORADEV\.m2\repository\org\hamcrest\hamcrest-core\1.3\hamcrest-core-1.3.jar;C:\Users\bvikash.ORADEV\.m2\repository\org\hamcrest\hamcrest-library\1.3\hamcrest-library-1.3.jar;C:\Users\bvikash.ORADEV\.m2\repository\org\ccil\cowan\tagsoup\tagsoup\1.2.1\tagsoup-1.2.1.jar;C:\Users\bvikash.ORADEV\.m2\repository\io\rest-assured\json-path\3.0.4\json-path-3.0.4.jar;C:\Users\bvikash.ORADEV\.m2\repository\org\codehaus\groovy\groovy-json\2.4.9\groovy-json-2.4.9.jar;C:\Users\bvikash.ORADEV\.m2\repository\io\rest-assured\rest-assured-common\3.0.4\rest-assured-common-3.0.4.jar;C:\Users\bvikash.ORADEV\.m2\repository\io\rest-assured\xml-path\3.0.4\xml-path-3.0.4.jar;C:\Users\bvikash.ORADEV\.m2\repository\org\apache\commons\commons-lang3\3.4\commons-lang3-3.4.jar;C:\Users\bvikash.ORADEV\.m2\repository\org\testng\testng\6.3.1\testng-6.3.1.jar;C:\Users\bvikash.ORADEV\.m2\repository\junit\junit\3.8.1\junit-3.8.1.jar;C:\Users\bvikash.ORADEV\.m2\repository\org\beanshell\bsh\2.0b4\bsh-2.0b4.jar;C:\Users\bvikash.ORADEV\.m2\repository\com\beust\jcommander\1.12\jcommander-1.12.jar;C:\Users\bvikash.ORADEV\.m2\repository\org\yaml\snakeyaml\1.6\snakeyaml-1.6.jar;C:\Users\bvikash.ORADEV\.m2\repository\org\apache\maven\surefire\surefire-testng-utils\2.20.1\surefire-testng-utils-2.20.1.jar;C:\Users\bvikash.ORADEV\.m2\repository\org\apache\maven\surefire\surefire-grouper\2.20.1\surefire-grouper-2.20.1.jar;"/>
    <property name="java.runtime.version" value="1.7.0_79-b15"/>
    <property name="java.vendor" value="Oracle Corporation"/>
    <property name="sun.management.compiler" value="HotSpot 64-Bit Tiered Compilers"/>
    <property name="sun.arch.data.model" value="64"/>
    <property name="os.arch" value="amd64"/>
    <property name="sun.io.unicode.encoding" value="UnicodeLittle"/>
    <property name="java.awt.printerjob" value="sun.awt.windows.WPrinterJob"/>
    <property name="path.separator" value=";"/>
    <property name="java.runtime.name" value="Java(TM) SE Runtime Environment"/>
    <property name="java.vendor.url" value="http://java.oracle.com/"/>
    <property name="sun.boot.class.path" value="C:\Program Files\Java\jdk1.7.0_79\jre\lib\resources.jar;C:\Program Files\Java\jdk1.7.0_79\jre\lib\rt.jar;C:\Program Files\Java\jdk1.7.0_79\jre\lib\sunrsasign.jar;C:\Program Files\Java\jdk1.7.0_79\jre\lib\jsse.jar;C:\Program Files\Java\jdk1.7.0_79\jre\lib\jce.jar;C:\Program Files\Java\jdk1.7.0_79\jre\lib\charsets.jar;C:\Program Files\Java\jdk1.7.0_79\jre\lib\jfr.jar;C:\Program Files\Java\jdk1.7.0_79\jre\classes"/>
    <property name="surefire.real.class.path" value="C:\Users\BVIKAS~1.ORA\AppData\Local\Temp\surefire7873548606182805108\surefirebooter3056943309877669727.jar"/>
    <property name="java.endorsed.dirs" value="C:\Program Files\Java\jdk1.7.0_79\jre\lib\endorsed"/>
    <property name="sun.desktop" value="windows"/>
    <property name="java.vm.version" value="24.79-b02"/>
    <property name="os.name" value="Windows 7"/>
    <property name="java.vm.specification.version" value="1.7"/>
    <property name="sun.cpu.isalist" value="amd64"/>
    <property name="java.version" value="1.7.0_79"/>
    <property name="java.vm.specification.name" value="Java Virtual Machine Specification"/>
    <property name="java.ext.dirs" value="C:\Program Files\Java\jdk1.7.0_79\jre\lib\ext;C:\windows\Sun\Java\lib\ext"/>
    <property name="os.version" value="6.1"/>
    <property name="basedir" value="D:\Arpita\RestAssuredFramework"/>
    <property name="java.library.path" value="C:\Program Files\Java\jdk1.7.0_79\jre\bin;C:\windows\Sun\Java\bin;C:\windows\system32;C:\windows;C:/Program Files/Java/jre1.8.0_144/bin/server;C:/Program Files/Java/jre1.8.0_144/bin;C:/Program Files/Java/jre1.8.0_144/lib/amd64;C:\ProgramData\Oracle\Java\javapath;C:\Program Files\Common Files\Microsoft Shared\Windows Live;C:\Program Files (x86)\Common Files\Microsoft Shared\Windows Live;C:\Perl64\site\bin;C:\Perl64\bin;C:\windows\system32;C:\windows;C:\windows\System32\Wbem;C:\windows\System32\WindowsPowerShell\v1.0\;C:\Program Files\WIDCOMM\Bluetooth Software\;C:\Program Files\WIDCOMM\Bluetooth Software\syswow64;C:\Program Files (x86)\Skype\Phone\;C:\Program Files\nodejs\;D:\Software\apache-maven-3.3.9\bin;D:\Software\scala\bin;C:\Python27;C:\Python27\Scripts;C:\Program Files (x86)\Sennheiser\SoftphoneSDK\;C:\Program Files (x86)\Windows Live\Shared;C:\Program Files\Git\cmd;C:\Users\bvikash.ORADEV\AppData\Local\Programs\Python\Python36-32\Scripts\;C:\Users\bvikash.ORADEV\AppData\Local\Programs\Python\Python36-32\;C:\Users\bvikash.ORADEV\AppData\Local\Programs\Python\Python35-32\Scripts\;C:\Users\bvikash.ORADEV\AppData\Local\Programs\Python\Python35-32\;C:\Users\bvikash.ORADEV\AppData\Roaming\npm;D:\Software\eclipse;;."/>
    <property name="java.awt.graphicsenv" value="sun.awt.Win32GraphicsEnvironment"/>
    <property name="java.vm.name" value="Java HotSpot(TM) 64-Bit Server VM"/>
    <property name="user.country" value="US"/>
  </properties>
  <testcase name="testResponsecode" classname="getRequest.GetData" time="1.461"/>
  <testcase name="testbody" classname="getRequest.GetData" time="0.081"/>
</testsuite>