<?xml version="1.0" encoding="UTF-8"?>
<!-- Generated by org.testng.reporters.JUnitReportReporter -->
<testsuite skipped="0" hostname="BVIKASH-LAP" name="getRequest.GetData" tests="2" failures="0" timestamp="10 Jan 2018 14:32:19 GMT" time="2.115" errors="0">
  <testcase name="testbody" time="0.071" classname="getRequest.GetData"/>
  <testcase name="testResponsecode" time="2.044" classname="getRequest.GetData"/>
</testsuite> <!-- getRequest.GetData -->
