<?xml version="1.0" encoding="UTF-8"?>
<!-- Generated by org.testng.reporters.JUnitReportReporter -->
<testsuite skipped="0" hostname="BVIKASH-LAP" name="getRequest.GetData" tests="2" failures="0" timestamp="11 Jan 2018 16:40:03 GMT" time="2.160" errors="0">
  <testcase name="testbody" time="0.096" classname="getRequest.GetData"/>
  <testcase name="testResponsecode" time="2.064" classname="getRequest.GetData"/>
</testsuite> <!-- getRequest.GetData -->
